[bslthemes.com/html/itsulu/index04b9.html]
[bslthemes.com/html/itsulu/css/plugins/bootstrap-grid.css]
[bslthemes.com/html/itsulu/css/plugins/font-awesome.min.css]
[bslthemes.com/html/itsulu/css/plugins/swiper.min.css]
[backblue.gif]
[fade.gif]
[index.html]
[bslthemes.com/html/itsulu/css/style.css]
[bslthemes.com/html/itsulu/favicon/apple-touch-icon.png]
[bslthemes.com/html/itsulu/favicon/favicon-32x32.png]
[bslthemes.com/html/itsulu/favicon/favicon-16x16.png]
[bslthemes.com/html/itsulu/home-1.html]
[bslthemes.com/html/itsulu/home-2.html]
[bslthemes.com/html/itsulu/about.html]
[bslthemes.com/html/itsulu/team.html]
[bslthemes.com/html/itsulu/team-single.html]
[bslthemes.com/html/itsulu/careers.html]
[bslthemes.com/html/itsulu/prices.html]
[bslthemes.com/html/itsulu/faq.html]
[bslthemes.com/html/itsulu/event.html]
[bslthemes.com/html/itsulu/portfolio.html]
[bslthemes.com/html/itsulu/service-1.html]
[bslthemes.com/html/itsulu/service-2.html]
[bslthemes.com/html/itsulu/service-3.html]
[bslthemes.com/html/itsulu/service-4.html]
[bslthemes.com/html/itsulu/solution-1.html]
[bslthemes.com/html/itsulu/solution-2.html]
[bslthemes.com/html/itsulu/solution-3.html]
[bslthemes.com/html/itsulu/blog.html]
[bslthemes.com/html/itsulu/contact.html]
[bslthemes.com/html/itsulu/coming-soon.html]
[bslthemes.com/html/itsulu/404.html]
[bslthemes.com/html/itsulu/img/photo/1.jpg]
[bslthemes.com/html/itsulu/img/photo/2.jpg]
[bslthemes.com/html/itsulu/img/photo/3.jpg]
[bslthemes.com/html/itsulu/img/partners/1.png]
[bslthemes.com/html/itsulu/img/partners/2.png]
[bslthemes.com/html/itsulu/img/partners/3.png]
[bslthemes.com/html/itsulu/img/partners/4.png]
[bslthemes.com/html/itsulu/img/partners/5.png]
[bslthemes.com/html/itsulu/img/partners/6.png]
[bslthemes.com/html/itsulu/img/icons/md/1.svg]
[bslthemes.com/html/itsulu/img/icons/md/2.svg]
[bslthemes.com/html/itsulu/img/icons/md/4.svg]
[bslthemes.com/html/itsulu/project.html]
[bslthemes.com/html/itsulu/img/projects/1.jpg]
[bslthemes.com/html/itsulu/img/projects/2.jpg]
[bslthemes.com/html/itsulu/img/projects/3.jpg]
[bslthemes.com/html/itsulu/img/projects/4.jpg]
[bslthemes.com/html/itsulu/img/icons/sm/1.svg]
[bslthemes.com/html/itsulu/img/icons/sm/2.svg]
[bslthemes.com/html/itsulu/img/icons/sm/4.svg]
[bslthemes.com/html/itsulu/publication.html]
[bslthemes.com/html/itsulu/img/blog/1.jpg]
[bslthemes.com/html/itsulu/img/blog/2.jpg]
[bslthemes.com/html/itsulu/img/blog/3.jpg]
[bslthemes.com/html/itsulu/img/blog/4.jpg]
[bslthemes.com/html/itsulu/img/blog/5.jpg]
[bslthemes.com/html/itsulu/img/blog/6.jpg]
[bslthemes.com/html/itsulu/img/icons/sm/11.svg]
[bslthemes.com/html/itsulu/img/faces/1.jpg]
[bslthemes.com/html/itsulu/img/faces/2.jpg]
[bslthemes.com/html/itsulu/img/faces/3.jpg]
[bslthemes.com/html/itsulu/img/faces/4.jpg]
[bslthemes.com/html/itsulu/img/deco/map.png]
[bslthemes.com/html/itsulu/img/logo/logo-light.png]
[bslthemes.com/html/itsulu/js/plugins/jquery.min.js]
[bslthemes.com/html/itsulu/js/plugins/swiper.min.js]
[bslthemes.com/html/itsulu/js/main.js]
[bslthemes.com/bslthms-advanced-btns/assets/style.css]
[bslthemes.com/html/itsulu/index04b9.html]
[bslthemes.com/html/itsulu/css/plugins/bootstrap-grid.css]
[bslthemes.com/bslthms-advanced-btns/assets/script.js]
[bslthemes.com/html/itsulu/fonts/webfonts/fa-brands-400.eot]
[bslthemes.com/html/itsulu/fonts/webfonts/fa-brands-400d41d.eot]
[bslthemes.com/html/itsulu/fonts/webfonts/fa-brands-400.woff2]
[bslthemes.com/html/itsulu/fonts/webfonts/fa-brands-400.woff]
[bslthemes.com/html/itsulu/fonts/webfonts/fa-brands-400.ttf]
[bslthemes.com/html/itsulu/fonts/webfonts/fa-regular-400.eot]
[bslthemes.com/html/itsulu/fonts/webfonts/fa-brands-400.svg]
[bslthemes.com/html/itsulu/fonts/webfonts/fa-regular-400d41d.eot]
[bslthemes.com/html/itsulu/fonts/webfonts/fa-regular-400.woff2]
[bslthemes.com/html/itsulu/fonts/webfonts/fa-regular-400.woff]
[bslthemes.com/html/itsulu/fonts/webfonts/fa-regular-400.ttf]
[bslthemes.com/html/itsulu/fonts/webfonts/fa-solid-900.eot]
[bslthemes.com/html/itsulu/fonts/webfonts/fa-regular-400.svg]
[bslthemes.com/html/itsulu/fonts/webfonts/fa-solid-900d41d.eot]
[bslthemes.com/html/itsulu/fonts/webfonts/fa-solid-900.woff2]
[bslthemes.com/html/itsulu/fonts/webfonts/fa-solid-900.woff]
[bslthemes.com/html/itsulu/fonts/webfonts/fa-solid-900.ttf]
[bslthemes.com/html/itsulu/css/plugins/font-awesome.min.css]
[bslthemes.com/html/itsulu/css/plugins/swiper.min.css]
[bslthemes.com/html/itsulu/css/style.css]
[bslthemes.com/html/itsulu/favicon/site.html]
[bslthemes.com/html/itsulu/favicon/safari-pinned-tab.svg]
[bslthemes.com/html/itsulu/home-1.html]
[bslthemes.com/html/itsulu/fonts/webfonts/fa-solid-900.svg]
[bslthemes.com/html/itsulu/img/photo/4.jpg]
[bslthemes.com/html/itsulu/img/photo/5.jpg]
[bslthemes.com/html/itsulu/img/photo/6.jpg]
[bslthemes.com/html/itsulu/img/photo/7.jpg]
[bslthemes.com/html/itsulu/img/photo/8.jpg]
[bslthemes.com/html/itsulu/img/photo/9.jpg]
[bslthemes.com/html/itsulu/home-2.html]
[bslthemes.com/html/itsulu/img/faces/t3.png]
[bslthemes.com/html/itsulu/img/icons/sm/12.svg]
[bslthemes.com/html/itsulu/img/faces/t2.png]
[bslthemes.com/html/itsulu/about.html]
[bslthemes.com/html/itsulu/img/icons/md/10.svg]
[bslthemes.com/html/itsulu/img/faces/5.jpg]
[bslthemes.com/html/itsulu/img/faces/6.jpg]
[bslthemes.com/html/itsulu/team.html]
[bslthemes.com/html/itsulu/img/faces/t1.png]
[bslthemes.com/html/itsulu/team-single.html]
[bslthemes.com/html/itsulu/img/icons/md/7.svg]
[bslthemes.com/html/itsulu/img/photo/10.jpg]
[bslthemes.com/html/itsulu/img/photo/11.jpg]
[bslthemes.com/html/itsulu/img/photo/12.jpg]
[bslthemes.com/html/itsulu/careers.html]
[bslthemes.com/html/itsulu/prices.html]
[bslthemes.com/html/itsulu/faq.html]
[bslthemes.com/html/itsulu/img/photo/13.jpg]
[bslthemes.com/html/itsulu/event.html]
[bslthemes.com/html/itsulu/portfolio.html]
[bslthemes.com/html/itsulu/img/icons/sm/6.svg]
[bslthemes.com/html/itsulu/img/icons/sm/5.svg]
[bslthemes.com/html/itsulu/service-1.html]
[bslthemes.com/html/itsulu/img/icons/md/13.svg]
[bslthemes.com/html/itsulu/img/photo/15.jpg]
[bslthemes.com/html/itsulu/img/faces/t5.png]
[bslthemes.com/html/itsulu/img/faces/t4.png]
[bslthemes.com/html/itsulu/img/faces/t6.png]
[bslthemes.com/html/itsulu/service-2.html]
[bslthemes.com/html/itsulu/img/icons/md/23.svg]
[bslthemes.com/html/itsulu/img/icons/md/24.svg]
[bslthemes.com/html/itsulu/service-3.html]
[bslthemes.com/html/itsulu/service-4.html]
[bslthemes.com/html/itsulu/img/icons/md/11.svg]
[bslthemes.com/html/itsulu/img/photo/14.jpg]
[bslthemes.com/html/itsulu/img/icons/md/12.svg]
[bslthemes.com/html/itsulu/solution-1.html]
[bslthemes.com/html/itsulu/img/icons/md/17.svg]
[bslthemes.com/html/itsulu/img/icons/md/20.svg]
[bslthemes.com/html/itsulu/solution-2.html]
[bslthemes.com/html/itsulu/img/icons/md/21.svg]
[bslthemes.com/html/itsulu/img/photo/16.jpg]
[bslthemes.com/html/itsulu/img/photo/17.jpg]
[bslthemes.com/html/itsulu/img/photo/18.jpg]
[bslthemes.com/html/itsulu/img/photo/19.jpg]
[bslthemes.com/html/itsulu/solution-3.html]
[bslthemes.com/html/itsulu/blog.html]
[bslthemes.com/html/itsulu/img/icons/md/25.svg]
[bslthemes.com/html/itsulu/img/icons/md/8.svg]
[bslthemes.com/html/itsulu/contact.html]
[bslthemes.com/html/itsulu/img/photo/20.jpg]
[bslthemes.com/html/itsulu/coming-soon.html]
[bslthemes.com/html/itsulu/404.html]
[bslthemes.com/html/itsulu/img/icons/md/1.svg]
[bslthemes.com/html/itsulu/img/icons/md/2.svg]
[bslthemes.com/html/itsulu/img/icons/md/3.svg]
[bslthemes.com/html/itsulu/img/icons/md/4.svg]
[bslthemes.com/html/itsulu/img/icons/md/5.svg]
[bslthemes.com/html/itsulu/img/icons/md/6.svg]
[bslthemes.com/html/itsulu/project.html]
[bslthemes.com/html/itsulu/img/icons/sm/1.svg]
[bslthemes.com/html/itsulu/img/icons/sm/2.svg]
[bslthemes.com/html/itsulu/img/icons/sm/3.svg]
[bslthemes.com/html/itsulu/img/icons/sm/4.svg]
[bslthemes.com/html/itsulu/publication.html]
[bslthemes.com/html/itsulu/img/icons/sm/11.svg]
[bslthemes.com/bslthms-advanced-btns/assets/style.css]
[bslthemes.com/html/itsulu/fonts/webfonts/fa-brands-400.svg]
[bslthemes.com/html/itsulu/fonts/webfonts/fa-regular-400.svg]
[bslthemes.com/html/itsulu/fonts/webfonts/fa-solid-900.svg]
[bslthemes.com/html/itsulu/img/icons/md/6l.svg]
[bslthemes.com/html/itsulu/img/icons/sm/12.svg]
[bslthemes.com/html/itsulu/img/icons/md/10.svg]
[bslthemes.com/html/itsulu/img/icons/md/7.svg]
[bslthemes.com/html/itsulu/img/icons/sm/6.svg]
[bslthemes.com/html/itsulu/img/icons/sm/7.svg]
[bslthemes.com/html/itsulu/img/icons/sm/5.svg]
[bslthemes.com/html/itsulu/img/icons/sm/8.svg]
[bslthemes.com/html/itsulu/img/icons/md/13.svg]
[bslthemes.com/html/itsulu/img/icons/md/15.svg]
[bslthemes.com/html/itsulu/img/icons/md/16.svg]
[bslthemes.com/html/itsulu/img/icons/md/22.svg]
[bslthemes.com/html/itsulu/img/icons/md/23.svg]
[bslthemes.com/html/itsulu/img/icons/md/24.svg]
[bslthemes.com/html/itsulu/img/icons/md/11.svg]
[bslthemes.com/html/itsulu/img/icons/md/12.svg]
[bslthemes.com/html/itsulu/img/icons/md/14.svg]
[bslthemes.com/html/itsulu/img/icons/md/13l.svg]
[bslthemes.com/html/itsulu/img/icons/md/17.svg]
[bslthemes.com/html/itsulu/img/icons/md/19.svg]
[bslthemes.com/html/itsulu/img/icons/md/18.svg]
[bslthemes.com/html/itsulu/img/icons/md/20.svg]
[bslthemes.com/html/itsulu/img/icons/md/21.svg]
[bslthemes.com/html/itsulu/img/icons/md/25.svg]
[bslthemes.com/html/itsulu/img/icons/md/8.svg]
[bslthemes.com/html/itsulu/img/icons/md/9.svg]
[bslthemes.com/html/itsulu/img/icons/sm/9.svg]
